<?xml version="1.0" encoding="UTF-8"?>
<!-- Generated by org.testng.reporters.JUnitXMLReporter -->
<testsuite ignored="0" hostname="DESKTOP-FV0KD14" failures="1" tests="3" name="Test" time="27.272" errors="0" timestamp="2023-08-24T10:48:58 IST">
  <testcase classname="testCases.TestCases" name="fileUpload" time="6.86"/>
  <testcase classname="testCases.TestCases" name="loginTest" time="1.054">
    <failure type="java.lang.NullPointerException" message="Cannot invoke &amp;quot;pageLayer.LoginPage.enterUsername(String)&amp;quot; because &amp;quot;this.login&amp;quot; is null">
      <![CDATA[java.lang.NullPointerException: Cannot invoke "pageLayer.LoginPage.enterUsername(String)" because "this.login" is null
at utility.Tester.login(Tester.java:10)
at testCases.TestCases.loginTest(TestCases.java:12)
at java.base/java.util.ArrayList.forEach(ArrayList.java:1511)
... Removed 27 stack frames]]>
    </failure>
  </testcase> <!-- loginTest -->
  <testcase classname="testCases.TestCases" name="testFilpkart" time="4.143"/>
</testsuite> <!-- Test -->
