<?xml version="1.0" encoding="UTF-8"?>
<testng-results ignored="0" total="2" passed="2" failed="0" skipped="0">
  <reporter-output>
  </reporter-output>
  <suite started-at="2023-09-01T01:22:01 IST" name="Suite" finished-at="2023-09-01T01:22:50 IST" duration-ms="49446">
    <groups>
      <group name="Sanity">
        <method signature="TestCases.MTP()[pri:0, instance:testCases.TestCases@dd8ba08]" name="MTP" class="testCases.TestCases"/>
        <method signature="TestCases.dealerLocator()[pri:0, instance:testCases.TestCases@dd8ba08]" name="dealerLocator" class="testCases.TestCases"/>
      </group> <!-- Sanity -->
      <group name="Smoke">
        <method signature="TestCases.MTP()[pri:0, instance:testCases.TestCases@dd8ba08]" name="MTP" class="testCases.TestCases"/>
        <method signature="TestCases.dealerLocator()[pri:0, instance:testCases.TestCases@dd8ba08]" name="dealerLocator" class="testCases.TestCases"/>
      </group> <!-- Smoke -->
    </groups>
    <test started-at="2023-09-01T01:22:01 IST" name="Test" finished-at="2023-09-01T01:22:50 IST" duration-ms="49446">
      <class name="testCases.TestCases">
        <test-method is-config="true" signature="start()[pri:0, instance:testCases.TestCases@dd8ba08]" started-at="2023-09-01T01:22:01 IST" name="start" finished-at="2023-09-01T01:22:01 IST" duration-ms="85" status="PASS">
          <reporter-output>
          </reporter-output>
        </test-method> <!-- start -->
        <test-method is-config="true" signature="setUp()[pri:0, instance:testCases.TestCases@dd8ba08]" started-at="2023-09-01T01:22:01 IST" name="setUp" finished-at="2023-09-01T01:22:07 IST" duration-ms="6536" status="PASS">
          <reporter-output>
          </reporter-output>
        </test-method> <!-- setUp -->
        <test-method signature="MTP()[pri:0, instance:testCases.TestCases@dd8ba08]" started-at="2023-09-01T01:22:07 IST" name="MTP" finished-at="2023-09-01T01:22:26 IST" duration-ms="19143" status="PASS">
          <reporter-output>
          </reporter-output>
        </test-method> <!-- MTP -->
        <test-method is-config="true" signature="TakeDown()[pri:0, instance:testCases.TestCases@dd8ba08]" started-at="2023-09-01T01:22:26 IST" name="TakeDown" finished-at="2023-09-01T01:22:27 IST" duration-ms="253" status="PASS">
          <reporter-output>
          </reporter-output>
        </test-method> <!-- TakeDown -->
        <test-method is-config="true" signature="setUp()[pri:0, instance:testCases.TestCases@dd8ba08]" started-at="2023-09-01T01:22:27 IST" name="setUp" finished-at="2023-09-01T01:22:32 IST" duration-ms="5529" status="PASS">
          <reporter-output>
          </reporter-output>
        </test-method> <!-- setUp -->
        <test-method signature="dealerLocator()[pri:0, instance:testCases.TestCases@dd8ba08]" started-at="2023-09-01T01:22:32 IST" name="dealerLocator" finished-at="2023-09-01T01:22:50 IST" duration-ms="17622" status="PASS">
          <reporter-output>
          </reporter-output>
        </test-method> <!-- dealerLocator -->
        <test-method is-config="true" signature="TakeDown()[pri:0, instance:testCases.TestCases@dd8ba08]" started-at="2023-09-01T01:22:50 IST" name="TakeDown" finished-at="2023-09-01T01:22:50 IST" duration-ms="254" status="PASS">
          <reporter-output>
          </reporter-output>
        </test-method> <!-- TakeDown -->
        <test-method is-config="true" signature="stop()[pri:0, instance:testCases.TestCases@dd8ba08]" started-at="2023-09-01T01:22:50 IST" name="stop" finished-at="2023-09-01T01:22:50 IST" duration-ms="0" status="PASS">
          <reporter-output>
          </reporter-output>
        </test-method> <!-- stop -->
      </class> <!-- testCases.TestCases -->
    </test> <!-- Test -->
  </suite> <!-- Suite -->
</testng-results>
