<?xml version="1.0" encoding="UTF-8"?>
<testng-results ignored="2" total="3" passed="1" failed="0" skipped="0">
  <reporter-output>
  </reporter-output>
  <suite started-at="2023-08-24T11:06:13 IST" name="Default suite" finished-at="2023-08-24T11:06:28 IST" duration-ms="15305">
    <groups>
      <group name="Sanity">
        <method signature="TestCases.loginTest()[pri:0, instance:testCases.TestCases@7d4f9aae]" name="loginTest" class="testCases.TestCases"/>
      </group> <!-- Sanity -->
      <group name="Regression">
        <method signature="TestCases.loginTest()[pri:0, instance:testCases.TestCases@7d4f9aae]" name="loginTest" class="testCases.TestCases"/>
      </group> <!-- Regression -->
      <group name="Smoke">
        <method signature="TestCases.loginTest()[pri:0, instance:testCases.TestCases@7d4f9aae]" name="loginTest" class="testCases.TestCases"/>
      </group> <!-- Smoke -->
    </groups>
    <test started-at="2023-08-24T11:06:13 IST" name="Default test" finished-at="2023-08-24T11:06:28 IST" duration-ms="15305">
      <class name="testCases.TestCases">
        <test-method is-config="true" signature="start()[pri:0, instance:testCases.TestCases@7d4f9aae]" started-at="2023-08-24T11:06:13 IST" name="start" finished-at="2023-08-24T11:06:13 IST" duration-ms="125" status="PASS">
          <reporter-output>
          </reporter-output>
        </test-method> <!-- start -->
        <test-method is-config="true" signature="setUp()[pri:0, instance:testCases.TestCases@7d4f9aae]" started-at="2023-08-24T11:06:13 IST" name="setUp" finished-at="2023-08-24T11:06:20 IST" duration-ms="7279" status="PASS">
          <reporter-output>
          </reporter-output>
        </test-method> <!-- setUp -->
        <test-method signature="loginTest()[pri:0, instance:testCases.TestCases@7d4f9aae]" started-at="2023-08-24T11:06:20 IST" name="loginTest" finished-at="2023-08-24T11:06:28 IST" duration-ms="7469" status="PASS">
          <reporter-output>
          </reporter-output>
        </test-method> <!-- loginTest -->
        <test-method is-config="true" signature="TakeDown()[pri:0, instance:testCases.TestCases@7d4f9aae]" started-at="2023-08-24T11:06:28 IST" name="TakeDown" finished-at="2023-08-24T11:06:28 IST" duration-ms="390" status="PASS">
          <reporter-output>
          </reporter-output>
        </test-method> <!-- TakeDown -->
        <test-method is-config="true" signature="stop()[pri:0, instance:testCases.TestCases@7d4f9aae]" started-at="2023-08-24T11:06:28 IST" name="stop" finished-at="2023-08-24T11:06:28 IST" duration-ms="1" status="PASS">
          <reporter-output>
          </reporter-output>
        </test-method> <!-- stop -->
      </class> <!-- testCases.TestCases -->
    </test> <!-- Default test -->
  </suite> <!-- Default suite -->
</testng-results>
