<?xml version="1.0" encoding="UTF-8"?>
<testng-results ignored="2" total="15" passed="13" failed="0" skipped="0">
  <reporter-output>
  </reporter-output>
  <suite started-at="2023-09-01T01:41:18 IST" name="Default suite" finished-at="2023-09-01T01:46:07 IST" duration-ms="288337">
    <groups>
    </groups>
    <test started-at="2023-09-01T01:41:18 IST" name="Default test" finished-at="2023-09-01T01:46:07 IST" duration-ms="288337">
      <class name="testCases.TestCases">
        <test-method is-config="true" signature="start()[pri:0, instance:testCases.TestCases@222545dc]" started-at="2023-09-01T01:41:18 IST" name="start" finished-at="2023-09-01T01:41:19 IST" duration-ms="90" status="PASS">
          <reporter-output>
          </reporter-output>
        </test-method> <!-- start -->
        <test-method is-config="true" signature="setUp()[pri:0, instance:testCases.TestCases@222545dc]" started-at="2023-09-01T01:41:19 IST" name="setUp" finished-at="2023-09-01T01:41:26 IST" duration-ms="6817" status="PASS">
          <reporter-output>
          </reporter-output>
        </test-method> <!-- setUp -->
        <test-method signature="dealerLocator(java.lang.String,java.lang.String)[pri:0, instance:testCases.TestCases@222545dc]" started-at="2023-09-01T01:41:26 IST" name="dealerLocator" data-provider="loginData" finished-at="2023-09-01T01:41:42 IST" duration-ms="15750" status="PASS">
          <params>
            <param index="0">
              <value>
                <![CDATA[diwakar.jha@pidilite.com]]>
              </value>
            </param>
            <param index="1">
              <value>
                <![CDATA[Pidilite@123]]>
              </value>
            </param>
          </params>
          <reporter-output>
          </reporter-output>
        </test-method> <!-- dealerLocator -->
        <test-method is-config="true" signature="TakeDown()[pri:0, instance:testCases.TestCases@222545dc]" started-at="2023-09-01T01:41:42 IST" name="TakeDown" finished-at="2023-09-01T01:41:42 IST" duration-ms="258" status="PASS">
          <reporter-output>
          </reporter-output>
        </test-method> <!-- TakeDown -->
        <test-method is-config="true" signature="setUp()[pri:0, instance:testCases.TestCases@222545dc]" started-at="2023-09-01T01:41:42 IST" name="setUp" finished-at="2023-09-01T01:41:48 IST" duration-ms="5645" status="PASS">
          <reporter-output>
          </reporter-output>
        </test-method> <!-- setUp -->
        <test-method signature="dealerLocator(java.lang.String,java.lang.String)[pri:0, instance:testCases.TestCases@222545dc]" started-at="2023-09-01T01:41:48 IST" name="dealerLocator" data-provider="loginData" finished-at="2023-09-01T01:42:05 IST" duration-ms="16938" status="PASS">
          <params>
            <param index="0">
              <value>
                <![CDATA[indranil.sengupta@pidilite.com]]>
              </value>
            </param>
            <param index="1">
              <value>
                <![CDATA[Pidilite@123]]>
              </value>
            </param>
          </params>
          <reporter-output>
          </reporter-output>
        </test-method> <!-- dealerLocator -->
        <test-method is-config="true" signature="TakeDown()[pri:0, instance:testCases.TestCases@222545dc]" started-at="2023-09-01T01:42:05 IST" name="TakeDown" finished-at="2023-09-01T01:42:05 IST" duration-ms="253" status="PASS">
          <reporter-output>
          </reporter-output>
        </test-method> <!-- TakeDown -->
        <test-method is-config="true" signature="setUp()[pri:0, instance:testCases.TestCases@222545dc]" started-at="2023-09-01T01:42:05 IST" name="setUp" finished-at="2023-09-01T01:42:10 IST" duration-ms="4769" status="PASS">
          <reporter-output>
          </reporter-output>
        </test-method> <!-- setUp -->
        <test-method signature="dealerLocator(java.lang.String,java.lang.String)[pri:0, instance:testCases.TestCases@222545dc]" started-at="2023-09-01T01:42:10 IST" name="dealerLocator" data-provider="loginData" finished-at="2023-09-01T01:42:27 IST" duration-ms="17070" status="PASS">
          <params>
            <param index="0">
              <value>
                <![CDATA[jay.mehta@pidilite.com]]>
              </value>
            </param>
            <param index="1">
              <value>
                <![CDATA[Pidilite@123]]>
              </value>
            </param>
          </params>
          <reporter-output>
          </reporter-output>
        </test-method> <!-- dealerLocator -->
        <test-method is-config="true" signature="TakeDown()[pri:0, instance:testCases.TestCases@222545dc]" started-at="2023-09-01T01:42:27 IST" name="TakeDown" finished-at="2023-09-01T01:42:27 IST" duration-ms="317" status="PASS">
          <reporter-output>
          </reporter-output>
        </test-method> <!-- TakeDown -->
        <test-method is-config="true" signature="setUp()[pri:0, instance:testCases.TestCases@222545dc]" started-at="2023-09-01T01:42:27 IST" name="setUp" finished-at="2023-09-01T01:42:32 IST" duration-ms="4792" status="PASS">
          <reporter-output>
          </reporter-output>
        </test-method> <!-- setUp -->
        <test-method signature="dealerLocator(java.lang.String,java.lang.String)[pri:0, instance:testCases.TestCases@222545dc]" started-at="2023-09-01T01:42:32 IST" name="dealerLocator" data-provider="loginData" finished-at="2023-09-01T01:42:49 IST" duration-ms="16886" status="PASS">
          <params>
            <param index="0">
              <value>
                <![CDATA[krishan.kalla@pidilite.com]]>
              </value>
            </param>
            <param index="1">
              <value>
                <![CDATA[Pidilite@123]]>
              </value>
            </param>
          </params>
          <reporter-output>
          </reporter-output>
        </test-method> <!-- dealerLocator -->
        <test-method is-config="true" signature="TakeDown()[pri:0, instance:testCases.TestCases@222545dc]" started-at="2023-09-01T01:42:49 IST" name="TakeDown" finished-at="2023-09-01T01:42:49 IST" duration-ms="252" status="PASS">
          <reporter-output>
          </reporter-output>
        </test-method> <!-- TakeDown -->
        <test-method is-config="true" signature="setUp()[pri:0, instance:testCases.TestCases@222545dc]" started-at="2023-09-01T01:42:49 IST" name="setUp" finished-at="2023-09-01T01:42:54 IST" duration-ms="5194" status="PASS">
          <reporter-output>
          </reporter-output>
        </test-method> <!-- setUp -->
        <test-method signature="dealerLocator(java.lang.String,java.lang.String)[pri:0, instance:testCases.TestCases@222545dc]" started-at="2023-09-01T01:42:54 IST" name="dealerLocator" data-provider="loginData" finished-at="2023-09-01T01:43:10 IST" duration-ms="16378" status="PASS">
          <params>
            <param index="0">
              <value>
                <![CDATA[manjunatha.yv@pidilite.com]]>
              </value>
            </param>
            <param index="1">
              <value>
                <![CDATA[Pidilite@123]]>
              </value>
            </param>
          </params>
          <reporter-output>
          </reporter-output>
        </test-method> <!-- dealerLocator -->
        <test-method is-config="true" signature="TakeDown()[pri:0, instance:testCases.TestCases@222545dc]" started-at="2023-09-01T01:43:10 IST" name="TakeDown" finished-at="2023-09-01T01:43:11 IST" duration-ms="253" status="PASS">
          <reporter-output>
          </reporter-output>
        </test-method> <!-- TakeDown -->
        <test-method is-config="true" signature="setUp()[pri:0, instance:testCases.TestCases@222545dc]" started-at="2023-09-01T01:43:11 IST" name="setUp" finished-at="2023-09-01T01:43:16 IST" duration-ms="5576" status="PASS">
          <reporter-output>
          </reporter-output>
        </test-method> <!-- setUp -->
        <test-method signature="dealerLocator(java.lang.String,java.lang.String)[pri:0, instance:testCases.TestCases@222545dc]" started-at="2023-09-01T01:43:16 IST" name="dealerLocator" data-provider="loginData" finished-at="2023-09-01T01:43:32 IST" duration-ms="15393" status="PASS">
          <params>
            <param index="0">
              <value>
                <![CDATA[mehra.surender@pidilite.com]]>
              </value>
            </param>
            <param index="1">
              <value>
                <![CDATA[Pidilite@123]]>
              </value>
            </param>
          </params>
          <reporter-output>
          </reporter-output>
        </test-method> <!-- dealerLocator -->
        <test-method is-config="true" signature="TakeDown()[pri:0, instance:testCases.TestCases@222545dc]" started-at="2023-09-01T01:43:32 IST" name="TakeDown" finished-at="2023-09-01T01:43:32 IST" duration-ms="253" status="PASS">
          <reporter-output>
          </reporter-output>
        </test-method> <!-- TakeDown -->
        <test-method is-config="true" signature="setUp()[pri:0, instance:testCases.TestCases@222545dc]" started-at="2023-09-01T01:43:32 IST" name="setUp" finished-at="2023-09-01T01:43:38 IST" duration-ms="6348" status="PASS">
          <reporter-output>
          </reporter-output>
        </test-method> <!-- setUp -->
        <test-method signature="dealerLocator(java.lang.String,java.lang.String)[pri:0, instance:testCases.TestCases@222545dc]" started-at="2023-09-01T01:43:38 IST" name="dealerLocator" data-provider="loginData" finished-at="2023-09-01T01:43:55 IST" duration-ms="16891" status="PASS">
          <params>
            <param index="0">
              <value>
                <![CDATA[nawlesh.kumar@pidilite.com]]>
              </value>
            </param>
            <param index="1">
              <value>
                <![CDATA[Pidilite@123]]>
              </value>
            </param>
          </params>
          <reporter-output>
          </reporter-output>
        </test-method> <!-- dealerLocator -->
        <test-method is-config="true" signature="TakeDown()[pri:0, instance:testCases.TestCases@222545dc]" started-at="2023-09-01T01:43:55 IST" name="TakeDown" finished-at="2023-09-01T01:43:55 IST" duration-ms="252" status="PASS">
          <reporter-output>
          </reporter-output>
        </test-method> <!-- TakeDown -->
        <test-method is-config="true" signature="setUp()[pri:0, instance:testCases.TestCases@222545dc]" started-at="2023-09-01T01:43:55 IST" name="setUp" finished-at="2023-09-01T01:44:00 IST" duration-ms="4941" status="PASS">
          <reporter-output>
          </reporter-output>
        </test-method> <!-- setUp -->
        <test-method signature="dealerLocator(java.lang.String,java.lang.String)[pri:0, instance:testCases.TestCases@222545dc]" started-at="2023-09-01T01:44:00 IST" name="dealerLocator" data-provider="loginData" finished-at="2023-09-01T01:44:18 IST" duration-ms="17200" status="PASS">
          <params>
            <param index="0">
              <value>
                <![CDATA[sanjay.kaul@pidilite.com]]>
              </value>
            </param>
            <param index="1">
              <value>
                <![CDATA[Pidilite@123]]>
              </value>
            </param>
          </params>
          <reporter-output>
          </reporter-output>
        </test-method> <!-- dealerLocator -->
        <test-method is-config="true" signature="TakeDown()[pri:0, instance:testCases.TestCases@222545dc]" started-at="2023-09-01T01:44:18 IST" name="TakeDown" finished-at="2023-09-01T01:44:18 IST" duration-ms="378" status="PASS">
          <reporter-output>
          </reporter-output>
        </test-method> <!-- TakeDown -->
        <test-method is-config="true" signature="setUp()[pri:0, instance:testCases.TestCases@222545dc]" started-at="2023-09-01T01:44:18 IST" name="setUp" finished-at="2023-09-01T01:44:25 IST" duration-ms="6691" status="PASS">
          <reporter-output>
          </reporter-output>
        </test-method> <!-- setUp -->
        <test-method signature="dealerLocator(java.lang.String,java.lang.String)[pri:0, instance:testCases.TestCases@222545dc]" started-at="2023-09-01T01:44:25 IST" name="dealerLocator" data-provider="loginData" finished-at="2023-09-01T01:44:41 IST" duration-ms="16572" status="PASS">
          <params>
            <param index="0">
              <value>
                <![CDATA[senthilkumar.p@pidilite.com]]>
              </value>
            </param>
            <param index="1">
              <value>
                <![CDATA[Pidilite@123]]>
              </value>
            </param>
          </params>
          <reporter-output>
          </reporter-output>
        </test-method> <!-- dealerLocator -->
        <test-method is-config="true" signature="TakeDown()[pri:0, instance:testCases.TestCases@222545dc]" started-at="2023-09-01T01:44:41 IST" name="TakeDown" finished-at="2023-09-01T01:44:41 IST" duration-ms="198" status="PASS">
          <reporter-output>
          </reporter-output>
        </test-method> <!-- TakeDown -->
        <test-method is-config="true" signature="setUp()[pri:0, instance:testCases.TestCases@222545dc]" started-at="2023-09-01T01:44:41 IST" name="setUp" finished-at="2023-09-01T01:44:46 IST" duration-ms="4452" status="PASS">
          <reporter-output>
          </reporter-output>
        </test-method> <!-- setUp -->
        <test-method signature="dealerLocator(java.lang.String,java.lang.String)[pri:0, instance:testCases.TestCases@222545dc]" started-at="2023-09-01T01:44:46 IST" name="dealerLocator" data-provider="loginData" finished-at="2023-09-01T01:45:03 IST" duration-ms="17264" status="PASS">
          <params>
            <param index="0">
              <value>
                <![CDATA[shwetank.mishra@pidilite.com]]>
              </value>
            </param>
            <param index="1">
              <value>
                <![CDATA[Pidilite@123]]>
              </value>
            </param>
          </params>
          <reporter-output>
          </reporter-output>
        </test-method> <!-- dealerLocator -->
        <test-method is-config="true" signature="TakeDown()[pri:0, instance:testCases.TestCases@222545dc]" started-at="2023-09-01T01:45:03 IST" name="TakeDown" finished-at="2023-09-01T01:45:03 IST" duration-ms="244" status="PASS">
          <reporter-output>
          </reporter-output>
        </test-method> <!-- TakeDown -->
        <test-method is-config="true" signature="setUp()[pri:0, instance:testCases.TestCases@222545dc]" started-at="2023-09-01T01:45:03 IST" name="setUp" finished-at="2023-09-01T01:45:08 IST" duration-ms="4746" status="PASS">
          <reporter-output>
          </reporter-output>
        </test-method> <!-- setUp -->
        <test-method signature="dealerLocator(java.lang.String,java.lang.String)[pri:0, instance:testCases.TestCases@222545dc]" started-at="2023-09-01T01:45:08 IST" name="dealerLocator" data-provider="loginData" finished-at="2023-09-01T01:45:24 IST" duration-ms="16241" status="PASS">
          <params>
            <param index="0">
              <value>
                <![CDATA[aditi.goel@pidilite.com]]>
              </value>
            </param>
            <param index="1">
              <value>
                <![CDATA[Pidilite@123]]>
              </value>
            </param>
          </params>
          <reporter-output>
          </reporter-output>
        </test-method> <!-- dealerLocator -->
        <test-method is-config="true" signature="TakeDown()[pri:0, instance:testCases.TestCases@222545dc]" started-at="2023-09-01T01:45:24 IST" name="TakeDown" finished-at="2023-09-01T01:45:25 IST" duration-ms="240" status="PASS">
          <reporter-output>
          </reporter-output>
        </test-method> <!-- TakeDown -->
        <test-method is-config="true" signature="setUp()[pri:0, instance:testCases.TestCases@222545dc]" started-at="2023-09-01T01:45:25 IST" name="setUp" finished-at="2023-09-01T01:45:30 IST" duration-ms="5366" status="PASS">
          <reporter-output>
          </reporter-output>
        </test-method> <!-- setUp -->
        <test-method signature="dealerLocator(java.lang.String,java.lang.String)[pri:0, instance:testCases.TestCases@222545dc]" started-at="2023-09-01T01:45:30 IST" name="dealerLocator" data-provider="loginData" finished-at="2023-09-01T01:45:45 IST" duration-ms="15432" status="PASS">
          <params>
            <param index="0">
              <value>
                <![CDATA[avantika.mehta@pidilite.com]]>
              </value>
            </param>
            <param index="1">
              <value>
                <![CDATA[Pidilite@123]]>
              </value>
            </param>
          </params>
          <reporter-output>
          </reporter-output>
        </test-method> <!-- dealerLocator -->
        <test-method is-config="true" signature="TakeDown()[pri:0, instance:testCases.TestCases@222545dc]" started-at="2023-09-01T01:45:45 IST" name="TakeDown" finished-at="2023-09-01T01:45:46 IST" duration-ms="232" status="PASS">
          <reporter-output>
          </reporter-output>
        </test-method> <!-- TakeDown -->
        <test-method is-config="true" signature="setUp()[pri:0, instance:testCases.TestCases@222545dc]" started-at="2023-09-01T01:45:46 IST" name="setUp" finished-at="2023-09-01T01:45:51 IST" duration-ms="5245" status="PASS">
          <reporter-output>
          </reporter-output>
        </test-method> <!-- setUp -->
        <test-method signature="dealerLocator(java.lang.String,java.lang.String)[pri:0, instance:testCases.TestCases@222545dc]" started-at="2023-09-01T01:45:51 IST" name="dealerLocator" data-provider="loginData" finished-at="2023-09-01T01:46:07 IST" duration-ms="15648" status="PASS">
          <params>
            <param index="0">
              <value>
                <![CDATA[gopalakrishnan.vp@pidilite.com]]>
              </value>
            </param>
            <param index="1">
              <value>
                <![CDATA[Pidilite@123]]>
              </value>
            </param>
          </params>
          <reporter-output>
          </reporter-output>
        </test-method> <!-- dealerLocator -->
        <test-method is-config="true" signature="TakeDown()[pri:0, instance:testCases.TestCases@222545dc]" started-at="2023-09-01T01:46:07 IST" name="TakeDown" finished-at="2023-09-01T01:46:07 IST" duration-ms="232" status="PASS">
          <reporter-output>
          </reporter-output>
        </test-method> <!-- TakeDown -->
        <test-method is-config="true" signature="stop()[pri:0, instance:testCases.TestCases@222545dc]" started-at="2023-09-01T01:46:07 IST" name="stop" finished-at="2023-09-01T01:46:07 IST" duration-ms="0" status="PASS">
          <reporter-output>
          </reporter-output>
        </test-method> <!-- stop -->
      </class> <!-- testCases.TestCases -->
    </test> <!-- Default test -->
  </suite> <!-- Default suite -->
</testng-results>
