<?xml version="1.0" encoding="UTF-8"?>
<testng-results ignored="2" total="32" passed="30" failed="0" skipped="0">
  <reporter-output>
  </reporter-output>
  <suite started-at="2023-09-04T18:09:43 IST" name="Default suite" finished-at="2023-09-04T18:35:28 IST" duration-ms="1544997">
    <groups>
    </groups>
    <test started-at="2023-09-04T18:09:43 IST" name="Default test" finished-at="2023-09-04T18:35:28 IST" duration-ms="1544997">
      <class name="testCases.TestCases">
        <test-method is-config="true" signature="start()[pri:0, instance:testCases.TestCases@72d1ad2e]" started-at="2023-09-04T18:09:43 IST" name="start" finished-at="2023-09-04T18:09:43 IST" duration-ms="113" status="PASS">
          <reporter-output>
          </reporter-output>
        </test-method> <!-- start -->
        <test-method is-config="true" signature="setUp()[pri:0, instance:testCases.TestCases@72d1ad2e]" started-at="2023-09-04T18:09:44 IST" name="setUp" finished-at="2023-09-04T18:09:50 IST" duration-ms="6394" status="PASS">
          <reporter-output>
          </reporter-output>
        </test-method> <!-- setUp -->
        <test-method signature="myDairy(java.lang.String,java.lang.String)[pri:0, instance:testCases.TestCases@72d1ad2e]" started-at="2023-09-04T18:09:50 IST" name="myDairy" data-provider="loginData" finished-at="2023-09-04T18:10:35 IST" duration-ms="44956" status="PASS">
          <params>
            <param index="0">
              <value>
                <![CDATA[cs.anand@pidilite.com]]>
              </value>
            </param>
            <param index="1">
              <value>
                <![CDATA[Pidilite@123]]>
              </value>
            </param>
          </params>
          <reporter-output>
          </reporter-output>
        </test-method> <!-- myDairy -->
        <test-method is-config="true" signature="TakeDown()[pri:0, instance:testCases.TestCases@72d1ad2e]" started-at="2023-09-04T18:10:35 IST" name="TakeDown" finished-at="2023-09-04T18:10:36 IST" duration-ms="645" status="PASS">
          <reporter-output>
          </reporter-output>
        </test-method> <!-- TakeDown -->
        <test-method is-config="true" signature="setUp()[pri:0, instance:testCases.TestCases@72d1ad2e]" started-at="2023-09-04T18:10:36 IST" name="setUp" finished-at="2023-09-04T18:10:41 IST" duration-ms="5282" status="PASS">
          <reporter-output>
          </reporter-output>
        </test-method> <!-- setUp -->
        <test-method signature="myDairy(java.lang.String,java.lang.String)[pri:0, instance:testCases.TestCases@72d1ad2e]" started-at="2023-09-04T18:10:41 IST" name="myDairy" data-provider="loginData" finished-at="2023-09-04T18:11:27 IST" duration-ms="45713" status="PASS">
          <params>
            <param index="0">
              <value>
                <![CDATA[diwakar.jha@pidilite.com]]>
              </value>
            </param>
            <param index="1">
              <value>
                <![CDATA[Pidilite@123]]>
              </value>
            </param>
          </params>
          <reporter-output>
          </reporter-output>
        </test-method> <!-- myDairy -->
        <test-method is-config="true" signature="TakeDown()[pri:0, instance:testCases.TestCases@72d1ad2e]" started-at="2023-09-04T18:11:27 IST" name="TakeDown" finished-at="2023-09-04T18:11:27 IST" duration-ms="422" status="PASS">
          <reporter-output>
          </reporter-output>
        </test-method> <!-- TakeDown -->
        <test-method is-config="true" signature="setUp()[pri:0, instance:testCases.TestCases@72d1ad2e]" started-at="2023-09-04T18:11:27 IST" name="setUp" finished-at="2023-09-04T18:11:32 IST" duration-ms="5048" status="PASS">
          <reporter-output>
          </reporter-output>
        </test-method> <!-- setUp -->
        <test-method signature="myDairy(java.lang.String,java.lang.String)[pri:0, instance:testCases.TestCases@72d1ad2e]" started-at="2023-09-04T18:11:32 IST" name="myDairy" data-provider="loginData" finished-at="2023-09-04T18:12:17 IST" duration-ms="44418" status="PASS">
          <params>
            <param index="0">
              <value>
                <![CDATA[indranil.sengupta@pidilite.com]]>
              </value>
            </param>
            <param index="1">
              <value>
                <![CDATA[Pidilite@123]]>
              </value>
            </param>
          </params>
          <reporter-output>
          </reporter-output>
        </test-method> <!-- myDairy -->
        <test-method is-config="true" signature="TakeDown()[pri:0, instance:testCases.TestCases@72d1ad2e]" started-at="2023-09-04T18:12:17 IST" name="TakeDown" finished-at="2023-09-04T18:12:17 IST" duration-ms="585" status="PASS">
          <reporter-output>
          </reporter-output>
        </test-method> <!-- TakeDown -->
        <test-method is-config="true" signature="setUp()[pri:0, instance:testCases.TestCases@72d1ad2e]" started-at="2023-09-04T18:12:17 IST" name="setUp" finished-at="2023-09-04T18:12:22 IST" duration-ms="4403" status="PASS">
          <reporter-output>
          </reporter-output>
        </test-method> <!-- setUp -->
        <test-method signature="myDairy(java.lang.String,java.lang.String)[pri:0, instance:testCases.TestCases@72d1ad2e]" started-at="2023-09-04T18:12:22 IST" name="myDairy" data-provider="loginData" finished-at="2023-09-04T18:13:08 IST" duration-ms="46358" status="PASS">
          <params>
            <param index="0">
              <value>
                <![CDATA[jay.mehta@pidilite.com]]>
              </value>
            </param>
            <param index="1">
              <value>
                <![CDATA[Pidilite@123]]>
              </value>
            </param>
          </params>
          <reporter-output>
          </reporter-output>
        </test-method> <!-- myDairy -->
        <test-method is-config="true" signature="TakeDown()[pri:0, instance:testCases.TestCases@72d1ad2e]" started-at="2023-09-04T18:13:08 IST" name="TakeDown" finished-at="2023-09-04T18:13:09 IST" duration-ms="584" status="PASS">
          <reporter-output>
          </reporter-output>
        </test-method> <!-- TakeDown -->
        <test-method is-config="true" signature="setUp()[pri:0, instance:testCases.TestCases@72d1ad2e]" started-at="2023-09-04T18:13:09 IST" name="setUp" finished-at="2023-09-04T18:13:15 IST" duration-ms="6030" status="PASS">
          <reporter-output>
          </reporter-output>
        </test-method> <!-- setUp -->
        <test-method signature="myDairy(java.lang.String,java.lang.String)[pri:0, instance:testCases.TestCases@72d1ad2e]" started-at="2023-09-04T18:13:15 IST" name="myDairy" data-provider="loginData" finished-at="2023-09-04T18:13:59 IST" duration-ms="43955" status="PASS">
          <params>
            <param index="0">
              <value>
                <![CDATA[krishan.kalla@pidilite.com]]>
              </value>
            </param>
            <param index="1">
              <value>
                <![CDATA[Pidilite@123]]>
              </value>
            </param>
          </params>
          <reporter-output>
          </reporter-output>
        </test-method> <!-- myDairy -->
        <test-method is-config="true" signature="TakeDown()[pri:0, instance:testCases.TestCases@72d1ad2e]" started-at="2023-09-04T18:13:59 IST" name="TakeDown" finished-at="2023-09-04T18:13:59 IST" duration-ms="628" status="PASS">
          <reporter-output>
          </reporter-output>
        </test-method> <!-- TakeDown -->
        <test-method is-config="true" signature="setUp()[pri:0, instance:testCases.TestCases@72d1ad2e]" started-at="2023-09-04T18:13:59 IST" name="setUp" finished-at="2023-09-04T18:14:04 IST" duration-ms="4993" status="PASS">
          <reporter-output>
          </reporter-output>
        </test-method> <!-- setUp -->
        <test-method signature="myDairy(java.lang.String,java.lang.String)[pri:0, instance:testCases.TestCases@72d1ad2e]" started-at="2023-09-04T18:14:04 IST" name="myDairy" data-provider="loginData" finished-at="2023-09-04T18:14:48 IST" duration-ms="44080" status="PASS">
          <params>
            <param index="0">
              <value>
                <![CDATA[manjunatha.yv@pidilite.com]]>
              </value>
            </param>
            <param index="1">
              <value>
                <![CDATA[Pidilite@123]]>
              </value>
            </param>
          </params>
          <reporter-output>
          </reporter-output>
        </test-method> <!-- myDairy -->
        <test-method is-config="true" signature="TakeDown()[pri:0, instance:testCases.TestCases@72d1ad2e]" started-at="2023-09-04T18:14:48 IST" name="TakeDown" finished-at="2023-09-04T18:14:49 IST" duration-ms="630" status="PASS">
          <reporter-output>
          </reporter-output>
        </test-method> <!-- TakeDown -->
        <test-method is-config="true" signature="setUp()[pri:0, instance:testCases.TestCases@72d1ad2e]" started-at="2023-09-04T18:14:49 IST" name="setUp" finished-at="2023-09-04T18:14:54 IST" duration-ms="4898" status="PASS">
          <reporter-output>
          </reporter-output>
        </test-method> <!-- setUp -->
        <test-method signature="myDairy(java.lang.String,java.lang.String)[pri:0, instance:testCases.TestCases@72d1ad2e]" started-at="2023-09-04T18:14:54 IST" name="myDairy" data-provider="loginData" finished-at="2023-09-04T18:15:41 IST" duration-ms="47005" status="PASS">
          <params>
            <param index="0">
              <value>
                <![CDATA[mehra.surender@pidilite.com]]>
              </value>
            </param>
            <param index="1">
              <value>
                <![CDATA[Pidilite@123]]>
              </value>
            </param>
          </params>
          <reporter-output>
          </reporter-output>
        </test-method> <!-- myDairy -->
        <test-method is-config="true" signature="TakeDown()[pri:0, instance:testCases.TestCases@72d1ad2e]" started-at="2023-09-04T18:15:41 IST" name="TakeDown" finished-at="2023-09-04T18:15:41 IST" duration-ms="375" status="PASS">
          <reporter-output>
          </reporter-output>
        </test-method> <!-- TakeDown -->
        <test-method is-config="true" signature="setUp()[pri:0, instance:testCases.TestCases@72d1ad2e]" started-at="2023-09-04T18:15:41 IST" name="setUp" finished-at="2023-09-04T18:15:47 IST" duration-ms="5140" status="PASS">
          <reporter-output>
          </reporter-output>
        </test-method> <!-- setUp -->
        <test-method signature="myDairy(java.lang.String,java.lang.String)[pri:0, instance:testCases.TestCases@72d1ad2e]" started-at="2023-09-04T18:15:47 IST" name="myDairy" data-provider="loginData" finished-at="2023-09-04T18:16:31 IST" duration-ms="44783" status="PASS">
          <params>
            <param index="0">
              <value>
                <![CDATA[nawlesh.kumar@pidilite.com]]>
              </value>
            </param>
            <param index="1">
              <value>
                <![CDATA[Pidilite@123]]>
              </value>
            </param>
          </params>
          <reporter-output>
          </reporter-output>
        </test-method> <!-- myDairy -->
        <test-method is-config="true" signature="TakeDown()[pri:0, instance:testCases.TestCases@72d1ad2e]" started-at="2023-09-04T18:16:31 IST" name="TakeDown" finished-at="2023-09-04T18:16:32 IST" duration-ms="438" status="PASS">
          <reporter-output>
          </reporter-output>
        </test-method> <!-- TakeDown -->
        <test-method is-config="true" signature="setUp()[pri:0, instance:testCases.TestCases@72d1ad2e]" started-at="2023-09-04T18:16:32 IST" name="setUp" finished-at="2023-09-04T18:16:36 IST" duration-ms="4156" status="PASS">
          <reporter-output>
          </reporter-output>
        </test-method> <!-- setUp -->
        <test-method signature="myDairy(java.lang.String,java.lang.String)[pri:0, instance:testCases.TestCases@72d1ad2e]" started-at="2023-09-04T18:16:36 IST" name="myDairy" data-provider="loginData" finished-at="2023-09-04T18:17:20 IST" duration-ms="43631" status="PASS">
          <params>
            <param index="0">
              <value>
                <![CDATA[sanjay.kaul@pidilite.com]]>
              </value>
            </param>
            <param index="1">
              <value>
                <![CDATA[Pidilite@123]]>
              </value>
            </param>
          </params>
          <reporter-output>
          </reporter-output>
        </test-method> <!-- myDairy -->
        <test-method is-config="true" signature="TakeDown()[pri:0, instance:testCases.TestCases@72d1ad2e]" started-at="2023-09-04T18:17:20 IST" name="TakeDown" finished-at="2023-09-04T18:17:20 IST" duration-ms="646" status="PASS">
          <reporter-output>
          </reporter-output>
        </test-method> <!-- TakeDown -->
        <test-method is-config="true" signature="setUp()[pri:0, instance:testCases.TestCases@72d1ad2e]" started-at="2023-09-04T18:17:20 IST" name="setUp" finished-at="2023-09-04T18:17:26 IST" duration-ms="5979" status="PASS">
          <reporter-output>
          </reporter-output>
        </test-method> <!-- setUp -->
        <test-method signature="myDairy(java.lang.String,java.lang.String)[pri:0, instance:testCases.TestCases@72d1ad2e]" started-at="2023-09-04T18:17:26 IST" name="myDairy" data-provider="loginData" finished-at="2023-09-04T18:18:10 IST" duration-ms="44177" status="PASS">
          <params>
            <param index="0">
              <value>
                <![CDATA[senthilkumar.p@pidilite.com]]>
              </value>
            </param>
            <param index="1">
              <value>
                <![CDATA[Pidilite@123]]>
              </value>
            </param>
          </params>
          <reporter-output>
          </reporter-output>
        </test-method> <!-- myDairy -->
        <test-method is-config="true" signature="TakeDown()[pri:0, instance:testCases.TestCases@72d1ad2e]" started-at="2023-09-04T18:18:10 IST" name="TakeDown" finished-at="2023-09-04T18:18:11 IST" duration-ms="629" status="PASS">
          <reporter-output>
          </reporter-output>
        </test-method> <!-- TakeDown -->
        <test-method is-config="true" signature="setUp()[pri:0, instance:testCases.TestCases@72d1ad2e]" started-at="2023-09-04T18:18:11 IST" name="setUp" finished-at="2023-09-04T18:18:16 IST" duration-ms="5179" status="PASS">
          <reporter-output>
          </reporter-output>
        </test-method> <!-- setUp -->
        <test-method signature="myDairy(java.lang.String,java.lang.String)[pri:0, instance:testCases.TestCases@72d1ad2e]" started-at="2023-09-04T18:18:16 IST" name="myDairy" data-provider="loginData" finished-at="2023-09-04T18:19:01 IST" duration-ms="44403" status="PASS">
          <params>
            <param index="0">
              <value>
                <![CDATA[shwetank.mishra@pidilite.com]]>
              </value>
            </param>
            <param index="1">
              <value>
                <![CDATA[Pidilite@123]]>
              </value>
            </param>
          </params>
          <reporter-output>
          </reporter-output>
        </test-method> <!-- myDairy -->
        <test-method is-config="true" signature="TakeDown()[pri:0, instance:testCases.TestCases@72d1ad2e]" started-at="2023-09-04T18:19:01 IST" name="TakeDown" finished-at="2023-09-04T18:19:01 IST" duration-ms="706" status="PASS">
          <reporter-output>
          </reporter-output>
        </test-method> <!-- TakeDown -->
        <test-method is-config="true" signature="setUp()[pri:0, instance:testCases.TestCases@72d1ad2e]" started-at="2023-09-04T18:19:01 IST" name="setUp" finished-at="2023-09-04T18:19:06 IST" duration-ms="5046" status="PASS">
          <reporter-output>
          </reporter-output>
        </test-method> <!-- setUp -->
        <test-method signature="myDairy(java.lang.String,java.lang.String)[pri:0, instance:testCases.TestCases@72d1ad2e]" started-at="2023-09-04T18:19:06 IST" name="myDairy" data-provider="loginData" finished-at="2023-09-04T18:19:50 IST" duration-ms="44075" status="PASS">
          <params>
            <param index="0">
              <value>
                <![CDATA[aditi.goel@pidilite.com]]>
              </value>
            </param>
            <param index="1">
              <value>
                <![CDATA[Pidilite@123]]>
              </value>
            </param>
          </params>
          <reporter-output>
          </reporter-output>
        </test-method> <!-- myDairy -->
        <test-method is-config="true" signature="TakeDown()[pri:0, instance:testCases.TestCases@72d1ad2e]" started-at="2023-09-04T18:19:50 IST" name="TakeDown" finished-at="2023-09-04T18:19:51 IST" duration-ms="582" status="PASS">
          <reporter-output>
          </reporter-output>
        </test-method> <!-- TakeDown -->
        <test-method is-config="true" signature="setUp()[pri:0, instance:testCases.TestCases@72d1ad2e]" started-at="2023-09-04T18:19:51 IST" name="setUp" finished-at="2023-09-04T18:19:56 IST" duration-ms="5130" status="PASS">
          <reporter-output>
          </reporter-output>
        </test-method> <!-- setUp -->
        <test-method signature="myDairy(java.lang.String,java.lang.String)[pri:0, instance:testCases.TestCases@72d1ad2e]" started-at="2023-09-04T18:19:56 IST" name="myDairy" data-provider="loginData" finished-at="2023-09-04T18:20:43 IST" duration-ms="46759" status="PASS">
          <params>
            <param index="0">
              <value>
                <![CDATA[avantika.mehta@pidilite.com]]>
              </value>
            </param>
            <param index="1">
              <value>
                <![CDATA[Pidilite@123]]>
              </value>
            </param>
          </params>
          <reporter-output>
          </reporter-output>
        </test-method> <!-- myDairy -->
        <test-method is-config="true" signature="TakeDown()[pri:0, instance:testCases.TestCases@72d1ad2e]" started-at="2023-09-04T18:20:43 IST" name="TakeDown" finished-at="2023-09-04T18:20:43 IST" duration-ms="377" status="PASS">
          <reporter-output>
          </reporter-output>
        </test-method> <!-- TakeDown -->
        <test-method is-config="true" signature="setUp()[pri:0, instance:testCases.TestCases@72d1ad2e]" started-at="2023-09-04T18:20:43 IST" name="setUp" finished-at="2023-09-04T18:20:48 IST" duration-ms="4755" status="PASS">
          <reporter-output>
          </reporter-output>
        </test-method> <!-- setUp -->
        <test-method signature="myDairy(java.lang.String,java.lang.String)[pri:0, instance:testCases.TestCases@72d1ad2e]" started-at="2023-09-04T18:20:48 IST" name="myDairy" data-provider="loginData" finished-at="2023-09-04T18:21:34 IST" duration-ms="45858" status="PASS">
          <params>
            <param index="0">
              <value>
                <![CDATA[gopalakrishnan.vp@pidilite.com]]>
              </value>
            </param>
            <param index="1">
              <value>
                <![CDATA[Pidilite@123]]>
              </value>
            </param>
          </params>
          <reporter-output>
          </reporter-output>
        </test-method> <!-- myDairy -->
        <test-method is-config="true" signature="TakeDown()[pri:0, instance:testCases.TestCases@72d1ad2e]" started-at="2023-09-04T18:21:34 IST" name="TakeDown" finished-at="2023-09-04T18:21:34 IST" duration-ms="381" status="PASS">
          <reporter-output>
          </reporter-output>
        </test-method> <!-- TakeDown -->
        <test-method is-config="true" signature="setUp()[pri:0, instance:testCases.TestCases@72d1ad2e]" started-at="2023-09-04T18:21:34 IST" name="setUp" finished-at="2023-09-04T18:21:38 IST" duration-ms="3792" status="PASS">
          <reporter-output>
          </reporter-output>
        </test-method> <!-- setUp -->
        <test-method signature="myDairy(java.lang.String,java.lang.String)[pri:0, instance:testCases.TestCases@72d1ad2e]" started-at="2023-09-04T18:21:38 IST" name="myDairy" data-provider="loginData" finished-at="2023-09-04T18:22:24 IST" duration-ms="46137" status="PASS">
          <params>
            <param index="0">
              <value>
                <![CDATA[mohd.adnan@pidilite.com]]>
              </value>
            </param>
            <param index="1">
              <value>
                <![CDATA[Pidilite@123]]>
              </value>
            </param>
          </params>
          <reporter-output>
          </reporter-output>
        </test-method> <!-- myDairy -->
        <test-method is-config="true" signature="TakeDown()[pri:0, instance:testCases.TestCases@72d1ad2e]" started-at="2023-09-04T18:22:24 IST" name="TakeDown" finished-at="2023-09-04T18:22:25 IST" duration-ms="372" status="PASS">
          <reporter-output>
          </reporter-output>
        </test-method> <!-- TakeDown -->
        <test-method is-config="true" signature="setUp()[pri:0, instance:testCases.TestCases@72d1ad2e]" started-at="2023-09-04T18:22:25 IST" name="setUp" finished-at="2023-09-04T18:22:29 IST" duration-ms="4892" status="PASS">
          <reporter-output>
          </reporter-output>
        </test-method> <!-- setUp -->
        <test-method signature="myDairy(java.lang.String,java.lang.String)[pri:0, instance:testCases.TestCases@72d1ad2e]" started-at="2023-09-04T18:22:29 IST" name="myDairy" data-provider="loginData" finished-at="2023-09-04T18:23:15 IST" duration-ms="45648" status="PASS">
          <params>
            <param index="0">
              <value>
                <![CDATA[shubham.yadav@pidilite.com]]>
              </value>
            </param>
            <param index="1">
              <value>
                <![CDATA[Pidilite@123]]>
              </value>
            </param>
          </params>
          <reporter-output>
          </reporter-output>
        </test-method> <!-- myDairy -->
        <test-method is-config="true" signature="TakeDown()[pri:0, instance:testCases.TestCases@72d1ad2e]" started-at="2023-09-04T18:23:15 IST" name="TakeDown" finished-at="2023-09-04T18:23:15 IST" duration-ms="374" status="PASS">
          <reporter-output>
          </reporter-output>
        </test-method> <!-- TakeDown -->
        <test-method is-config="true" signature="setUp()[pri:0, instance:testCases.TestCases@72d1ad2e]" started-at="2023-09-04T18:23:15 IST" name="setUp" finished-at="2023-09-04T18:23:21 IST" duration-ms="5544" status="PASS">
          <reporter-output>
          </reporter-output>
        </test-method> <!-- setUp -->
        <test-method signature="myDairy(java.lang.String,java.lang.String)[pri:0, instance:testCases.TestCases@72d1ad2e]" started-at="2023-09-04T18:23:21 IST" name="myDairy" data-provider="loginData" finished-at="2023-09-04T18:24:07 IST" duration-ms="46486" status="PASS">
          <params>
            <param index="0">
              <value>
                <![CDATA[mangala.dubey@pidilite.com]]>
              </value>
            </param>
            <param index="1">
              <value>
                <![CDATA[Pidilite@123]]>
              </value>
            </param>
          </params>
          <reporter-output>
          </reporter-output>
        </test-method> <!-- myDairy -->
        <test-method is-config="true" signature="TakeDown()[pri:0, instance:testCases.TestCases@72d1ad2e]" started-at="2023-09-04T18:24:07 IST" name="TakeDown" finished-at="2023-09-04T18:24:08 IST" duration-ms="396" status="PASS">
          <reporter-output>
          </reporter-output>
        </test-method> <!-- TakeDown -->
        <test-method is-config="true" signature="setUp()[pri:0, instance:testCases.TestCases@72d1ad2e]" started-at="2023-09-04T18:24:08 IST" name="setUp" finished-at="2023-09-04T18:24:13 IST" duration-ms="5122" status="PASS">
          <reporter-output>
          </reporter-output>
        </test-method> <!-- setUp -->
        <test-method signature="myDairy(java.lang.String,java.lang.String)[pri:0, instance:testCases.TestCases@72d1ad2e]" started-at="2023-09-04T18:24:13 IST" name="myDairy" data-provider="loginData" finished-at="2023-09-04T18:24:58 IST" duration-ms="44549" status="PASS">
          <params>
            <param index="0">
              <value>
                <![CDATA[diksha.na@pidilite.com]]>
              </value>
            </param>
            <param index="1">
              <value>
                <![CDATA[Pidilite@123]]>
              </value>
            </param>
          </params>
          <reporter-output>
          </reporter-output>
        </test-method> <!-- myDairy -->
        <test-method is-config="true" signature="TakeDown()[pri:0, instance:testCases.TestCases@72d1ad2e]" started-at="2023-09-04T18:24:58 IST" name="TakeDown" finished-at="2023-09-04T18:24:58 IST" duration-ms="614" status="PASS">
          <reporter-output>
          </reporter-output>
        </test-method> <!-- TakeDown -->
        <test-method is-config="true" signature="setUp()[pri:0, instance:testCases.TestCases@72d1ad2e]" started-at="2023-09-04T18:24:58 IST" name="setUp" finished-at="2023-09-04T18:25:04 IST" duration-ms="5408" status="PASS">
          <reporter-output>
          </reporter-output>
        </test-method> <!-- setUp -->
        <test-method signature="myDairy(java.lang.String,java.lang.String)[pri:0, instance:testCases.TestCases@72d1ad2e]" started-at="2023-09-04T18:25:04 IST" name="myDairy" data-provider="loginData" finished-at="2023-09-04T18:25:48 IST" duration-ms="44231" status="PASS">
          <params>
            <param index="0">
              <value>
                <![CDATA[golandaz.khan@pidilite.com]]>
              </value>
            </param>
            <param index="1">
              <value>
                <![CDATA[Pidilite@123]]>
              </value>
            </param>
          </params>
          <reporter-output>
          </reporter-output>
        </test-method> <!-- myDairy -->
        <test-method is-config="true" signature="TakeDown()[pri:0, instance:testCases.TestCases@72d1ad2e]" started-at="2023-09-04T18:25:48 IST" name="TakeDown" finished-at="2023-09-04T18:25:48 IST" duration-ms="599" status="PASS">
          <reporter-output>
          </reporter-output>
        </test-method> <!-- TakeDown -->
        <test-method is-config="true" signature="setUp()[pri:0, instance:testCases.TestCases@72d1ad2e]" started-at="2023-09-04T18:25:48 IST" name="setUp" finished-at="2023-09-04T18:25:53 IST" duration-ms="4681" status="PASS">
          <reporter-output>
          </reporter-output>
        </test-method> <!-- setUp -->
        <test-method signature="myDairy(java.lang.String,java.lang.String)[pri:0, instance:testCases.TestCases@72d1ad2e]" started-at="2023-09-04T18:25:53 IST" name="myDairy" data-provider="loginData" finished-at="2023-09-04T18:26:40 IST" duration-ms="46500" status="PASS">
          <params>
            <param index="0">
              <value>
                <![CDATA[p.sridhar@pidilite.com]]>
              </value>
            </param>
            <param index="1">
              <value>
                <![CDATA[Pidilite@123]]>
              </value>
            </param>
          </params>
          <reporter-output>
          </reporter-output>
        </test-method> <!-- myDairy -->
        <test-method is-config="true" signature="TakeDown()[pri:0, instance:testCases.TestCases@72d1ad2e]" started-at="2023-09-04T18:26:40 IST" name="TakeDown" finished-at="2023-09-04T18:26:40 IST" duration-ms="429" status="PASS">
          <reporter-output>
          </reporter-output>
        </test-method> <!-- TakeDown -->
        <test-method is-config="true" signature="setUp()[pri:0, instance:testCases.TestCases@72d1ad2e]" started-at="2023-09-04T18:26:40 IST" name="setUp" finished-at="2023-09-04T18:26:45 IST" duration-ms="4971" status="PASS">
          <reporter-output>
          </reporter-output>
        </test-method> <!-- setUp -->
        <test-method signature="myDairy(java.lang.String,java.lang.String)[pri:0, instance:testCases.TestCases@72d1ad2e]" started-at="2023-09-04T18:26:45 IST" name="myDairy" data-provider="loginData" finished-at="2023-09-04T18:27:31 IST" duration-ms="46115" status="PASS">
          <params>
            <param index="0">
              <value>
                <![CDATA[rajkumar.dubey@pidilite.com]]>
              </value>
            </param>
            <param index="1">
              <value>
                <![CDATA[Pidilite@123]]>
              </value>
            </param>
          </params>
          <reporter-output>
          </reporter-output>
        </test-method> <!-- myDairy -->
        <test-method is-config="true" signature="TakeDown()[pri:0, instance:testCases.TestCases@72d1ad2e]" started-at="2023-09-04T18:27:31 IST" name="TakeDown" finished-at="2023-09-04T18:27:32 IST" duration-ms="419" status="PASS">
          <reporter-output>
          </reporter-output>
        </test-method> <!-- TakeDown -->
        <test-method is-config="true" signature="setUp()[pri:0, instance:testCases.TestCases@72d1ad2e]" started-at="2023-09-04T18:27:32 IST" name="setUp" finished-at="2023-09-04T18:27:36 IST" duration-ms="4682" status="PASS">
          <reporter-output>
          </reporter-output>
        </test-method> <!-- setUp -->
        <test-method signature="myDairy(java.lang.String,java.lang.String)[pri:0, instance:testCases.TestCases@72d1ad2e]" started-at="2023-09-04T18:27:36 IST" name="myDairy" data-provider="loginData" finished-at="2023-09-04T18:28:23 IST" duration-ms="46549" status="PASS">
          <params>
            <param index="0">
              <value>
                <![CDATA[upendra.choudhary@pidilite.com]]>
              </value>
            </param>
            <param index="1">
              <value>
                <![CDATA[Pidilite@123]]>
              </value>
            </param>
          </params>
          <reporter-output>
          </reporter-output>
        </test-method> <!-- myDairy -->
        <test-method is-config="true" signature="TakeDown()[pri:0, instance:testCases.TestCases@72d1ad2e]" started-at="2023-09-04T18:28:23 IST" name="TakeDown" finished-at="2023-09-04T18:28:23 IST" duration-ms="373" status="PASS">
          <reporter-output>
          </reporter-output>
        </test-method> <!-- TakeDown -->
        <test-method is-config="true" signature="setUp()[pri:0, instance:testCases.TestCases@72d1ad2e]" started-at="2023-09-04T18:28:23 IST" name="setUp" finished-at="2023-09-04T18:28:28 IST" duration-ms="4968" status="PASS">
          <reporter-output>
          </reporter-output>
        </test-method> <!-- setUp -->
        <test-method signature="myDairy(java.lang.String,java.lang.String)[pri:0, instance:testCases.TestCases@72d1ad2e]" started-at="2023-09-04T18:28:28 IST" name="myDairy" data-provider="loginData" finished-at="2023-09-04T18:29:12 IST" duration-ms="43817" status="PASS">
          <params>
            <param index="0">
              <value>
                <![CDATA[diksha.na@pidilite.com]]>
              </value>
            </param>
            <param index="1">
              <value>
                <![CDATA[Pidilite@123]]>
              </value>
            </param>
          </params>
          <reporter-output>
          </reporter-output>
        </test-method> <!-- myDairy -->
        <test-method is-config="true" signature="TakeDown()[pri:0, instance:testCases.TestCases@72d1ad2e]" started-at="2023-09-04T18:29:12 IST" name="TakeDown" finished-at="2023-09-04T18:29:13 IST" duration-ms="631" status="PASS">
          <reporter-output>
          </reporter-output>
        </test-method> <!-- TakeDown -->
        <test-method is-config="true" signature="setUp()[pri:0, instance:testCases.TestCases@72d1ad2e]" started-at="2023-09-04T18:29:13 IST" name="setUp" finished-at="2023-09-04T18:29:18 IST" duration-ms="5345" status="PASS">
          <reporter-output>
          </reporter-output>
        </test-method> <!-- setUp -->
        <test-method signature="myDairy(java.lang.String,java.lang.String)[pri:0, instance:testCases.TestCases@72d1ad2e]" started-at="2023-09-04T18:29:18 IST" name="myDairy" data-provider="loginData" finished-at="2023-09-04T18:30:02 IST" duration-ms="44177" status="PASS">
          <params>
            <param index="0">
              <value>
                <![CDATA[govindrakesh.iyer@pidilite.com]]>
              </value>
            </param>
            <param index="1">
              <value>
                <![CDATA[Pidilite@123]]>
              </value>
            </param>
          </params>
          <reporter-output>
          </reporter-output>
        </test-method> <!-- myDairy -->
        <test-method is-config="true" signature="TakeDown()[pri:0, instance:testCases.TestCases@72d1ad2e]" started-at="2023-09-04T18:30:02 IST" name="TakeDown" finished-at="2023-09-04T18:30:03 IST" duration-ms="568" status="PASS">
          <reporter-output>
          </reporter-output>
        </test-method> <!-- TakeDown -->
        <test-method is-config="true" signature="setUp()[pri:0, instance:testCases.TestCases@72d1ad2e]" started-at="2023-09-04T18:30:03 IST" name="setUp" finished-at="2023-09-04T18:30:07 IST" duration-ms="4716" status="PASS">
          <reporter-output>
          </reporter-output>
        </test-method> <!-- setUp -->
        <test-method signature="myDairy(java.lang.String,java.lang.String)[pri:0, instance:testCases.TestCases@72d1ad2e]" started-at="2023-09-04T18:30:07 IST" name="myDairy" data-provider="loginData" finished-at="2023-09-04T18:30:51 IST" duration-ms="43854" status="PASS">
          <params>
            <param index="0">
              <value>
                <![CDATA[joseph.reddy@pidilite.com]]>
              </value>
            </param>
            <param index="1">
              <value>
                <![CDATA[Pidilite@123]]>
              </value>
            </param>
          </params>
          <reporter-output>
          </reporter-output>
        </test-method> <!-- myDairy -->
        <test-method is-config="true" signature="TakeDown()[pri:0, instance:testCases.TestCases@72d1ad2e]" started-at="2023-09-04T18:30:51 IST" name="TakeDown" finished-at="2023-09-04T18:30:52 IST" duration-ms="569" status="PASS">
          <reporter-output>
          </reporter-output>
        </test-method> <!-- TakeDown -->
        <test-method is-config="true" signature="setUp()[pri:0, instance:testCases.TestCases@72d1ad2e]" started-at="2023-09-04T18:30:52 IST" name="setUp" finished-at="2023-09-04T18:30:57 IST" duration-ms="4940" status="PASS">
          <reporter-output>
          </reporter-output>
        </test-method> <!-- setUp -->
        <test-method signature="myDairy(java.lang.String,java.lang.String)[pri:0, instance:testCases.TestCases@72d1ad2e]" started-at="2023-09-04T18:30:57 IST" name="myDairy" data-provider="loginData" finished-at="2023-09-04T18:31:43 IST" duration-ms="46037" status="PASS">
          <params>
            <param index="0">
              <value>
                <![CDATA[namani.kumar@pidilite.com]]>
              </value>
            </param>
            <param index="1">
              <value>
                <![CDATA[Pidilite@123]]>
              </value>
            </param>
          </params>
          <reporter-output>
          </reporter-output>
        </test-method> <!-- myDairy -->
        <test-method is-config="true" signature="TakeDown()[pri:0, instance:testCases.TestCases@72d1ad2e]" started-at="2023-09-04T18:31:43 IST" name="TakeDown" finished-at="2023-09-04T18:31:43 IST" duration-ms="663" status="PASS">
          <reporter-output>
          </reporter-output>
        </test-method> <!-- TakeDown -->
        <test-method is-config="true" signature="setUp()[pri:0, instance:testCases.TestCases@72d1ad2e]" started-at="2023-09-04T18:31:43 IST" name="setUp" finished-at="2023-09-04T18:31:48 IST" duration-ms="4859" status="PASS">
          <reporter-output>
          </reporter-output>
        </test-method> <!-- setUp -->
        <test-method signature="myDairy(java.lang.String,java.lang.String)[pri:0, instance:testCases.TestCases@72d1ad2e]" started-at="2023-09-04T18:31:48 IST" name="myDairy" data-provider="loginData" finished-at="2023-09-04T18:32:32 IST" duration-ms="43540" status="PASS">
          <params>
            <param index="0">
              <value>
                <![CDATA[sanjaya.sahu@pidilite.com]]>
              </value>
            </param>
            <param index="1">
              <value>
                <![CDATA[Pidilite@123]]>
              </value>
            </param>
          </params>
          <reporter-output>
          </reporter-output>
        </test-method> <!-- myDairy -->
        <test-method is-config="true" signature="TakeDown()[pri:0, instance:testCases.TestCases@72d1ad2e]" started-at="2023-09-04T18:32:32 IST" name="TakeDown" finished-at="2023-09-04T18:32:32 IST" duration-ms="630" status="PASS">
          <reporter-output>
          </reporter-output>
        </test-method> <!-- TakeDown -->
        <test-method is-config="true" signature="setUp()[pri:0, instance:testCases.TestCases@72d1ad2e]" started-at="2023-09-04T18:32:32 IST" name="setUp" finished-at="2023-09-04T18:32:36 IST" duration-ms="3748" status="PASS">
          <reporter-output>
          </reporter-output>
        </test-method> <!-- setUp -->
        <test-method signature="myDairy(java.lang.String,java.lang.String)[pri:0, instance:testCases.TestCases@72d1ad2e]" started-at="2023-09-04T18:32:36 IST" name="myDairy" data-provider="loginData" finished-at="2023-09-04T18:33:21 IST" duration-ms="44332" status="PASS">
          <params>
            <param index="0">
              <value>
                <![CDATA[tejaskumar.suthar@pidilite.com]]>
              </value>
            </param>
            <param index="1">
              <value>
                <![CDATA[Pidilite@123]]>
              </value>
            </param>
          </params>
          <reporter-output>
          </reporter-output>
        </test-method> <!-- myDairy -->
        <test-method is-config="true" signature="TakeDown()[pri:0, instance:testCases.TestCases@72d1ad2e]" started-at="2023-09-04T18:33:21 IST" name="TakeDown" finished-at="2023-09-04T18:33:21 IST" duration-ms="565" status="PASS">
          <reporter-output>
          </reporter-output>
        </test-method> <!-- TakeDown -->
        <test-method is-config="true" signature="setUp()[pri:0, instance:testCases.TestCases@72d1ad2e]" started-at="2023-09-04T18:33:21 IST" name="setUp" finished-at="2023-09-04T18:33:26 IST" duration-ms="4664" status="PASS">
          <reporter-output>
          </reporter-output>
        </test-method> <!-- setUp -->
        <test-method signature="myDairy(java.lang.String,java.lang.String)[pri:0, instance:testCases.TestCases@72d1ad2e]" started-at="2023-09-04T18:33:26 IST" name="myDairy" data-provider="loginData" finished-at="2023-09-04T18:34:25 IST" duration-ms="59103" status="PASS">
          <params>
            <param index="0">
              <value>
                <![CDATA[bibin.krishnan@pidilite.com]]>
              </value>
            </param>
            <param index="1">
              <value>
                <![CDATA[Pidilite@123]]>
              </value>
            </param>
          </params>
          <reporter-output>
          </reporter-output>
        </test-method> <!-- myDairy -->
        <test-method is-config="true" signature="TakeDown()[pri:0, instance:testCases.TestCases@72d1ad2e]" started-at="2023-09-04T18:34:25 IST" name="TakeDown" finished-at="2023-09-04T18:34:25 IST" duration-ms="514" status="PASS">
          <reporter-output>
          </reporter-output>
        </test-method> <!-- TakeDown -->
        <test-method is-config="true" signature="setUp()[pri:0, instance:testCases.TestCases@72d1ad2e]" started-at="2023-09-04T18:34:25 IST" name="setUp" finished-at="2023-09-04T18:34:30 IST" duration-ms="5014" status="PASS">
          <reporter-output>
          </reporter-output>
        </test-method> <!-- setUp -->
        <test-method signature="myDairy(java.lang.String,java.lang.String)[pri:0, instance:testCases.TestCases@72d1ad2e]" started-at="2023-09-04T18:34:30 IST" name="myDairy" data-provider="loginData" finished-at="2023-09-04T18:35:27 IST" duration-ms="57037" status="PASS">
          <params>
            <param index="0">
              <value>
                <![CDATA[shalini.ghosh@pidilite.com]]>
              </value>
            </param>
            <param index="1">
              <value>
                <![CDATA[Pidilite@123]]>
              </value>
            </param>
          </params>
          <reporter-output>
          </reporter-output>
        </test-method> <!-- myDairy -->
        <test-method is-config="true" signature="TakeDown()[pri:0, instance:testCases.TestCases@72d1ad2e]" started-at="2023-09-04T18:35:27 IST" name="TakeDown" finished-at="2023-09-04T18:35:28 IST" duration-ms="557" status="PASS">
          <reporter-output>
          </reporter-output>
        </test-method> <!-- TakeDown -->
        <test-method is-config="true" signature="stop()[pri:0, instance:testCases.TestCases@72d1ad2e]" started-at="2023-09-04T18:35:28 IST" name="stop" finished-at="2023-09-04T18:35:28 IST" duration-ms="0" status="PASS">
          <reporter-output>
          </reporter-output>
        </test-method> <!-- stop -->
      </class> <!-- testCases.TestCases -->
    </test> <!-- Default test -->
  </suite> <!-- Default suite -->
</testng-results>
