<?xml version="1.0" encoding="UTF-8"?>
<!-- Generated by org.testng.reporters.JUnitXMLReporter -->
<testsuite ignored="2" hostname="DESKTOP-FV0KD14" failures="0" tests="13" name="Default test" time="288.337" errors="0" timestamp="2023-09-01T01:46:07 IST">
  <testcase classname="testCases.TestCases" name="dealerLocator" time="15.75"/>
  <testcase classname="testCases.TestCases" name="dealerLocator" time="16.938"/>
  <testcase classname="testCases.TestCases" name="dealerLocator" time="17.07"/>
  <testcase classname="testCases.TestCases" name="dealerLocator" time="16.886"/>
  <testcase classname="testCases.TestCases" name="dealerLocator" time="16.378"/>
  <testcase classname="testCases.TestCases" name="dealerLocator" time="15.393"/>
  <testcase classname="testCases.TestCases" name="dealerLocator" time="16.891"/>
  <testcase classname="testCases.TestCases" name="dealerLocator" time="17.2"/>
  <testcase classname="testCases.TestCases" name="dealerLocator" time="16.572"/>
  <testcase classname="testCases.TestCases" name="dealerLocator" time="17.264"/>
  <testcase classname="testCases.TestCases" name="dealerLocator" time="16.241"/>
  <testcase classname="testCases.TestCases" name="dealerLocator" time="15.432"/>
  <testcase classname="testCases.TestCases" name="dealerLocator" time="15.648"/>
  <testcase classname="testCases.TestCases" name="testLogin" time="0.0">
    <ignored/>
  </testcase> <!-- testLogin -->
  <testcase classname="testCases.TestCases" name="MTP" time="0.0">
    <ignored/>
  </testcase> <!-- MTP -->
</testsuite> <!-- Default test -->
