<?xml version="1.0" encoding="UTF-8"?>
<!-- Generated by org.testng.reporters.JUnitXMLReporter -->
<testsuite ignored="1" hostname="DESKTOP-FV0KD14" failures="0" tests="2" name="Excel Based Regression Testing" time="74.606" errors="0" timestamp="2023-08-28T16:50:25 IST">
  <testcase classname="testCases.TestCases" name="loginTest" time="8.817"/>
  <testcase classname="testCases.TestCases" name="testFilpkart" time="6.091"/>
  <testcase classname="testCases.TestCases" name="fileUpload" time="0.0">
    <ignored/>
  </testcase> <!-- fileUpload -->
</testsuite> <!-- Excel Based Regression Testing -->
